<?xml version="1.0" encoding="UTF-8"?>
<!-- Generated by org.testng.reporters.JUnitReportReporter -->
<testsuite skipped="0" hostname="Krishnas-Air" name="FlightBasics.TestFramework" tests="2" failures="0" timestamp="28 May 2020 15:27:52 GMT" time="0.010" errors="0">
  <testcase name="myName" time="0.002" classname="FlightBasics.TestFramework"/>
  <testcase name="ayName2" time="0.008" classname="FlightBasics.TestFramework"/>
</testsuite> <!-- FlightBasics.TestFramework -->
